{"/Users/conorredmond/projects/haven-home-handover/src/lib/domain.ts": {"path":"/Users/conorredmond/projects/haven-home-handover/src/lib/domain.ts","statementMap":{"0":{"start":{"line":1,"column":26},"end":{"line":1,"column":null}},"1":{"start":{"line":4,"column":2},"end":{"line":4,"column":null}},"2":{"start":{"line":8,"column":2},"end":{"line":8,"column":null}},"3":{"start":{"line":12,"column":21},"end":{"line":12,"column":null}},"4":{"start":{"line":13,"column":2},"end":{"line":13,"column":null}},"5":{"start":{"line":15,"column":23},"end":{"line":15,"column":null}},"6":{"start":{"line":16,"column":2},"end":{"line":16,"column":null}},"7":{"start":{"line":18,"column":2},"end":{"line":30,"column":null}},"8":{"start":{"line":19,"column":4},"end":{"line":19,"column":null}},"9":{"start":{"line":20,"column":9},"end":{"line":30,"column":null}},"10":{"start":{"line":21,"column":4},"end":{"line":21,"column":null}},"11":{"start":{"line":24,"column":30},"end":{"line":24,"column":null}},"12":{"start":{"line":25,"column":4},"end":{"line":25,"column":null}},"13":{"start":{"line":26,"column":4},"end":{"line":28,"column":null}},"14":{"start":{"line":27,"column":6},"end":{"line":27,"column":null}},"15":{"start":{"line":29,"column":4},"end":{"line":29,"column":null}}},"fnMap":{"0":{"name":"checkMessageMasking","decl":{"start":{"line":3,"column":16},"end":{"line":3,"column":36}},"loc":{"start":{"line":3,"column":59},"end":{"line":5,"column":null}},"line":3},"1":{"name":"isTokenValid","decl":{"start":{"line":7,"column":16},"end":{"line":7,"column":29}},"loc":{"start":{"line":7,"column":53},"end":{"line":9,"column":null}},"line":7},"2":{"name":"calculateExpiryState","decl":{"start":{"line":11,"column":16},"end":{"line":11,"column":37}},"loc":{"start":{"line":11,"column":85},"end":{"line":31,"column":null}},"line":11}},"branchMap":{"0":{"loc":{"start":{"line":8,"column":9},"end":{"line":8,"column":null}},"type":"binary-expr","locations":[{"start":{"line":8,"column":9},"end":{"line":8,"column":31}},{"start":{"line":8,"column":31},"end":{"line":8,"column":null}}],"line":8},"1":{"loc":{"start":{"line":18,"column":2},"end":{"line":30,"column":null}},"type":"if","locations":[{"start":{"line":18,"column":2},"end":{"line":30,"column":null}},{"start":{"line":20,"column":9},"end":{"line":30,"column":null}}],"line":18},"2":{"loc":{"start":{"line":20,"column":9},"end":{"line":30,"column":null}},"type":"if","locations":[{"start":{"line":20,"column":9},"end":{"line":30,"column":null}},{"start":{"line":22,"column":9},"end":{"line":30,"column":null}}],"line":20},"3":{"loc":{"start":{"line":26,"column":4},"end":{"line":28,"column":null}},"type":"if","locations":[{"start":{"line":26,"column":4},"end":{"line":28,"column":null}},{"start":{},"end":{}}],"line":26}},"s":{"0":3,"1":4,"2":4,"3":4,"4":4,"5":4,"6":4,"7":4,"8":1,"9":3,"10":1,"11":2,"12":2,"13":2,"14":1,"15":1},"f":{"0":4,"1":4,"2":4},"b":{"0":[4,1],"1":[1,3],"2":[1,2],"3":[1,1]},"meta":{"lastBranch":4,"lastFunction":3,"lastStatement":16,"seen":{"s:1:26:1:Infinity":0,"f:3:16:3:36":0,"s:4:2:4:Infinity":1,"f:7:16:7:29":1,"s:8:2:8:Infinity":2,"b:8:9:8:31:8:31:8:Infinity":0,"f:11:16:11:37":2,"s:12:21:12:Infinity":3,"s:13:2:13:Infinity":4,"s:15:23:15:Infinity":5,"s:16:2:16:Infinity":6,"b:18:2:30:Infinity:20:9:30:Infinity":1,"s:18:2:30:Infinity":7,"s:19:4:19:Infinity":8,"b:20:9:30:Infinity:22:9:30:Infinity":2,"s:20:9:30:Infinity":9,"s:21:4:21:Infinity":10,"s:24:30:24:Infinity":11,"s:25:4:25:Infinity":12,"b:26:4:28:Infinity:undefined:undefined:undefined:undefined":3,"s:26:4:28:Infinity":13,"s:27:6:27:Infinity":14,"s:29:4:29:Infinity":15},"fnNames":{}}}
}
